<?xml version="1.0" encoding="UTF-8"?>
<!-- Generated by org.testng.reporters.JUnitReportReporter -->
<testsuite hostname="PSDLAP376" failures="0" tests="10" name="test.BlogTest" time="380.752" errors="0" timestamp="2025-02-18T13:37:49 IST" skipped="0">
  <testcase classname="test.BlogTest" name="TC01_TC02_Blog_Tab" time="77.979"/>
  <testcase classname="test.BlogTest" name="TC03_Blog_Tab" time="76.527"/>
  <testcase classname="test.BlogTest" name="TC04_Blog_Tab" time="15.360"/>
  <testcase classname="test.BlogTest" name="TC05_Blog_Tab" time="93.805"/>
  <testcase classname="test.BlogTest" name="TC06_Blog_Tab" time="17.928"/>
  <testcase classname="test.BlogTest" name="TC07_Blog_Tab" time="13.923"/>
  <testcase classname="test.BlogTest" name="TC08_Blog_Tab" time="17.883"/>
  <testcase classname="test.BlogTest" name="TC09_Blog_Tab" time="34.589"/>
  <testcase classname="test.BlogTest" name="TC010_Blog_Tab" time="18.191"/>
  <testcase classname="test.BlogTest" name="TC11_Blog_Tab" time="14.567"/>
</testsuite> <!-- test.BlogTest -->
