<?xml version="1.0" encoding="UTF-8"?>
<!-- Generated by org.testng.reporters.JUnitReportReporter -->
<testsuite hostname="PSDLAP376" failures="0" tests="1" name="test.BlogTest" time="34.793" errors="0" timestamp="2025-02-17T15:40:49 IST" skipped="0">
  <testcase classname="test.BlogTest" name="TC03_Blog_Tab" time="34.793"/>
</testsuite> <!-- test.BlogTest -->
