<?xml version="1.0" encoding="UTF-8"?>
<!-- Generated by org.testng.reporters.JUnitReportReporter -->
<testsuite hostname="PSDLAP376" failures="0" tests="3" name="test.BlogTest" time="56.066" errors="0" timestamp="2025-02-19T17:40:12 IST" skipped="0">
  <testcase classname="test.BlogTest" name="TC01_TC02_Blog_Tab" time="35.156"/>
  <testcase classname="test.BlogTest" name="test1" time="10.199"/>
  <testcase classname="test.BlogTest" name="Test2" time="10.711"/>
</testsuite> <!-- test.BlogTest -->
