<?xml version="1.0" encoding="UTF-8"?>
<!-- Generated by org.testng.reporters.JUnitReportReporter -->
<testsuite hostname="PSDLAP376" failures="0" tests="3" name="test.BlogTest" time="30.447" errors="0" timestamp="2025-02-18T16:36:20 IST" skipped="0">
  <testcase classname="test.BlogTest" name="TC01_TC02_Blog_Tab" time="11.608"/>
  <testcase classname="test.BlogTest" name="test1" time="9.922"/>
  <testcase classname="test.BlogTest" name="Test2" time="8.917"/>
</testsuite> <!-- test.BlogTest -->
