<?xml version="1.0" encoding="UTF-8"?>
<!-- Generated by org.testng.reporters.JUnitReportReporter -->
<testsuite hostname="PSDLAP376" failures="0" tests="1" name="test.BlogTest" time="12.711" errors="0" timestamp="2025-02-17T13:30:42 IST" skipped="0">
  <testcase classname="test.BlogTest" name="TC03_Blog_Tab" time="12.711"/>
</testsuite> <!-- test.BlogTest -->
