<?xml version="1.0" encoding="UTF-8"?>
<!-- Generated by org.testng.reporters.JUnitReportReporter -->
<testsuite hostname="PSDLAP376" failures="0" tests="3" name="test.BlogTest" time="56.288" errors="0" timestamp="2025-02-18T17:48:23 IST" skipped="0">
  <testcase classname="test.BlogTest" name="TC01_TC02_Blog_Tab" time="20.931"/>
  <testcase classname="test.BlogTest" name="test1" time="25.366"/>
  <testcase classname="test.BlogTest" name="Test2" time="9.991"/>
</testsuite> <!-- test.BlogTest -->
